#
# There is insufficient memory for the Java Runtime Environment to continue.
# Native memory allocation (malloc) failed to allocate 1251200 bytes. Error detail: Chunk::new
# Possible reasons:
#   The system is out of physical RAM or swap space
#   This process is running with CompressedOops enabled, and the Java Heap may be blocking the growth of the native heap
# Possible solutions:
#   Reduce memory load on the system
#   Increase physical memory or swap space
#   Check if swap backing store is full
#   Decrease Java heap size (-Xmx/-Xms)
#   Decrease number of Java threads
#   Decrease Java thread stack sizes (-Xss)
#   Set larger code cache with -XX:ReservedCodeCacheSize=
#   JVM is running with Unscaled Compressed Oops mode in which the Java heap is
#     placed in the first 4GB address space. The Java Heap base address is the
#     maximum limit for the native heap growth. Please use -XX:HeapBaseMinAddress
#     to set the Java Heap base and to place the Java Heap above 4GB virtual address.
# This output file may be truncated or incomplete.
#
#  Out of Memory Error (arena.cpp:168), pid=25416, tid=27472
#
# JRE version: OpenJDK Runtime Environment (21.0.5) (build 21.0.5+-12932927-b750.29)
# Java VM: OpenJDK 64-Bit Server VM (21.0.5+-12932927-b750.29, mixed mode, tiered, compressed oops, compressed class ptrs, g1 gc, windows-amd64)
# No core dump will be written. Minidumps are not enabled by default on client versions of Windows
#

---------------  S U M M A R Y ------------

Command Line: --add-opens=java.base/java.util=ALL-UNNAMED --add-opens=java.base/java.lang=ALL-UNNAMED --add-opens=java.base/java.lang.invoke=ALL-UNNAMED --add-opens=java.prefs/java.util.prefs=ALL-UNNAMED --add-opens=java.base/java.nio.charset=ALL-UNNAMED --add-opens=java.base/java.net=ALL-UNNAMED --add-opens=java.base/java.util.concurrent.atomic=ALL-UNNAMED -Xmx2048m -Dfile.encoding=UTF-8 -Duser.country=US -Duser.language=en -Duser.variant -javaagent:C:\Users\ayand\.gradle\wrapper\dists\gradle-8.2-bin\bbg7u40eoinfdyxsxr3z4i7ta\gradle-8.2\lib\agents\gradle-instrumentation-agent-8.2.jar org.gradle.launcher.daemon.bootstrap.GradleDaemon 8.2

Host: 13th Gen Intel(R) Core(TM) i5-13420H, 12 cores, 7G,  Windows 11 , 64 bit Build 26100 (10.0.26100.3912)
Time: Fri Jun 20 21:26:19 2025 South Africa Standard Time elapsed time: 18.032301 seconds (0d 0h 0m 18s)

---------------  T H R E A D  ---------------

Current thread (0x000002bafedf18b0):  JavaThread "C2 CompilerThread0" daemon [_thread_in_native, id=27472, stack(0x000000c259a00000,0x000000c259b00000) (1024K)]


Current CompileTask:
C2:18032 4829       4       jdk.internal.jimage.ImageLocation::getFullName (109 bytes)

Stack: [0x000000c259a00000,0x000000c259b00000]
Native frames: (J=compiled Java code, j=interpreted, Vv=VM code, C=native code)
V  [jvm.dll+0x6cfb29]
V  [jvm.dll+0x85ded3]
V  [jvm.dll+0x86042e]
V  [jvm.dll+0x860b13]
V  [jvm.dll+0x27e6b6]
V  [jvm.dll+0xbff6d]
V  [jvm.dll+0xc04a3]
V  [jvm.dll+0x3b5ffb]
V  [jvm.dll+0x381f97]
V  [jvm.dll+0x38140a]
V  [jvm.dll+0x247c62]
V  [jvm.dll+0x247231]
V  [jvm.dll+0x1c5ee4]
V  [jvm.dll+0x25697c]
V  [jvm.dll+0x254ec6]
V  [jvm.dll+0x3f0ce6]
V  [jvm.dll+0x806368]
V  [jvm.dll+0x6ce3fd]
C  [ucrtbase.dll+0x37b0]
C  [KERNEL32.DLL+0x2e8d7]
C  [ntdll.dll+0x9c5dc]


---------------  P R O C E S S  ---------------

Threads class SMR info:
_java_thread_list=0x000002ba94842a30, length=32, elements={
0x000002baf3e26480, 0x000002bafedd82f0, 0x000002bafeddad50, 0x000002bafeded0c0,
0x000002bafededb10, 0x000002bafedef570, 0x000002bafedeffc0, 0x000002bafedf18b0,
0x000002bafedf4e60, 0x000002bafef1c8d0, 0x000002baff2a24e0, 0x000002ba938e35b0,
0x000002ba932e1730, 0x000002ba9403db40, 0x000002ba940af7f0, 0x000002ba94030720,
0x000002bafefa66c0, 0x000002baff16b000, 0x000002baff16be80, 0x000002ba9413b280,
0x000002ba9413b910, 0x000002ba94139840, 0x000002ba9413a560, 0x000002ba9413bfa0,
0x000002ba94343c10, 0x000002ba94342ef0, 0x000002ba943442a0, 0x000002ba94344fc0,
0x000002ba94345650, 0x000002ba94346370, 0x000002ba94347db0, 0x000002ba94344930
}

Java Threads: ( => current thread )
  0x000002baf3e26480 JavaThread "main"                              [_thread_blocked, id=31732, stack(0x000000c258c00000,0x000000c258d00000) (1024K)]
  0x000002bafedd82f0 JavaThread "Reference Handler"          daemon [_thread_blocked, id=9288, stack(0x000000c259400000,0x000000c259500000) (1024K)]
  0x000002bafeddad50 JavaThread "Finalizer"                  daemon [_thread_blocked, id=14944, stack(0x000000c259500000,0x000000c259600000) (1024K)]
  0x000002bafeded0c0 JavaThread "Signal Dispatcher"          daemon [_thread_blocked, id=27176, stack(0x000000c259600000,0x000000c259700000) (1024K)]
  0x000002bafededb10 JavaThread "Attach Listener"            daemon [_thread_blocked, id=12824, stack(0x000000c259700000,0x000000c259800000) (1024K)]
  0x000002bafedef570 JavaThread "Service Thread"             daemon [_thread_blocked, id=27968, stack(0x000000c259800000,0x000000c259900000) (1024K)]
  0x000002bafedeffc0 JavaThread "Monitor Deflation Thread"   daemon [_thread_blocked, id=27052, stack(0x000000c259900000,0x000000c259a00000) (1024K)]
=>0x000002bafedf18b0 JavaThread "C2 CompilerThread0"         daemon [_thread_in_native, id=27472, stack(0x000000c259a00000,0x000000c259b00000) (1024K)]
  0x000002bafedf4e60 JavaThread "C1 CompilerThread0"         daemon [_thread_blocked, id=20472, stack(0x000000c259b00000,0x000000c259c00000) (1024K)]
  0x000002bafef1c8d0 JavaThread "Common-Cleaner"             daemon [_thread_blocked, id=15340, stack(0x000000c259c00000,0x000000c259d00000) (1024K)]
  0x000002baff2a24e0 JavaThread "Notification Thread"        daemon [_thread_blocked, id=20788, stack(0x000000c259d00000,0x000000c259e00000) (1024K)]
  0x000002ba938e35b0 JavaThread "Daemon health stats"               [_thread_blocked, id=29476, stack(0x000000c25a200000,0x000000c25a300000) (1024K)]
  0x000002ba932e1730 JavaThread "Incoming local TCP Connector on port 49413"        [_thread_in_native, id=24244, stack(0x000000c25a300000,0x000000c25a400000) (1024K)]
  0x000002ba9403db40 JavaThread "Daemon periodic checks"            [_thread_blocked, id=32448, stack(0x000000c25a400000,0x000000c25a500000) (1024K)]
  0x000002ba940af7f0 JavaThread "Daemon"                            [_thread_blocked, id=25564, stack(0x000000c25a500000,0x000000c25a600000) (1024K)]
  0x000002ba94030720 JavaThread "Handler for socket connection from /127.0.0.1:49413 to /127.0.0.1:49414"        [_thread_in_native, id=20924, stack(0x000000c25a600000,0x000000c25a700000) (1024K)]
  0x000002bafefa66c0 JavaThread "Cancel handler"                    [_thread_blocked, id=8428, stack(0x000000c25a700000,0x000000c25a800000) (1024K)]
  0x000002baff16b000 JavaThread "Daemon worker"                     [_thread_in_vm, id=30508, stack(0x000000c25a800000,0x000000c25a900000) (1024K)]
  0x000002baff16be80 JavaThread "Asynchronous log dispatcher for DefaultDaemonConnection: socket connection from /127.0.0.1:49413 to /127.0.0.1:49414"        [_thread_blocked, id=1216, stack(0x000000c25a900000,0x000000c25aa00000) (1024K)]
  0x000002ba9413b280 JavaThread "Stdin handler"                     [_thread_blocked, id=2700, stack(0x000000c25aa00000,0x000000c25ab00000) (1024K)]
  0x000002ba9413b910 JavaThread "Daemon client event forwarder"        [_thread_blocked, id=32308, stack(0x000000c25ab00000,0x000000c25ac00000) (1024K)]
  0x000002ba94139840 JavaThread "Cache worker for journal cache (C:\Users\ayand\.gradle\caches\journal-1)"        [_thread_blocked, id=22624, stack(0x000000c25b300000,0x000000c25b400000) (1024K)]
  0x000002ba9413a560 JavaThread "File lock request listener"        [_thread_in_native, id=22988, stack(0x000000c25b400000,0x000000c25b500000) (1024K)]
  0x000002ba9413bfa0 JavaThread "Cache worker for file hash cache (C:\Users\ayand\.gradle\caches\8.2\fileHashes)"        [_thread_blocked, id=24312, stack(0x000000c25b500000,0x000000c25b600000) (1024K)]
  0x000002ba94343c10 JavaThread "Cache worker for file hash cache (C:\Users\ayand\AndroidStudioProjects\MoneyWays\.gradle\8.2\fileHashes)"        [_thread_blocked, id=30088, stack(0x000000c25b600000,0x000000c25b700000) (1024K)]
  0x000002ba94342ef0 JavaThread "Cache worker for checksums cache (C:\Users\ayand\AndroidStudioProjects\MoneyWays\.gradle\8.2\checksums)"        [_thread_blocked, id=8408, stack(0x000000c25b700000,0x000000c25b800000) (1024K)]
  0x000002ba943442a0 JavaThread "Cache worker for file content cache (C:\Users\ayand\.gradle\caches\8.2\fileContent)"        [_thread_blocked, id=22724, stack(0x000000c25b800000,0x000000c25b900000) (1024K)]
  0x000002ba94344fc0 JavaThread "File watcher server"        daemon [_thread_in_native, id=25196, stack(0x000000c25b900000,0x000000c25ba00000) (1024K)]
  0x000002ba94345650 JavaThread "File watcher consumer"      daemon [_thread_blocked, id=27900, stack(0x000000c25ba00000,0x000000c25bb00000) (1024K)]
  0x000002ba94346370 JavaThread "Cache worker for cache directory md-rule (C:\Users\ayand\.gradle\caches\8.2\md-rule)"        [_thread_blocked, id=30240, stack(0x000000c25bb00000,0x000000c25bc00000) (1024K)]
  0x000002ba94347db0 JavaThread "Cache worker for cache directory md-supplier (C:\Users\ayand\.gradle\caches\8.2\md-supplier)"        [_thread_blocked, id=18308, stack(0x000000c25bc00000,0x000000c25bd00000) (1024K)]
  0x000002ba94344930 JavaThread "Cache worker for execution history cache (C:\Users\ayand\.gradle\caches\8.2\executionHistory)"        [_thread_blocked, id=31452, stack(0x000000c25bd00000,0x000000c25be00000) (1024K)]
Total: 32

Other Threads:
  0x000002bafec2cf50 VMThread "VM Thread"                           [id=25548, stack(0x000000c259300000,0x000000c259400000) (1024K)]
  0x000002bafebc83d0 WatcherThread "VM Periodic Task Thread"        [id=30860, stack(0x000000c259200000,0x000000c259300000) (1024K)]
  0x000002baf5943450 WorkerThread "GC Thread#0"                     [id=8544, stack(0x000000c258d00000,0x000000c258e00000) (1024K)]
  0x000002ba9320aca0 WorkerThread "GC Thread#1"                     [id=30736, stack(0x000000c259e00000,0x000000c259f00000) (1024K)]
  0x000002ba931e8090 WorkerThread "GC Thread#2"                     [id=26228, stack(0x000000c259f00000,0x000000c25a000000) (1024K)]
  0x000002ba931e8430 WorkerThread "GC Thread#3"                     [id=19280, stack(0x000000c25a000000,0x000000c25a100000) (1024K)]
  0x000002ba931e87d0 WorkerThread "GC Thread#4"                     [id=25352, stack(0x000000c25a100000,0x000000c25a200000) (1024K)]
  0x000002baff07abd0 WorkerThread "GC Thread#5"                     [id=21912, stack(0x000000c25ac00000,0x000000c25ad00000) (1024K)]
  0x000002baff530bd0 WorkerThread "GC Thread#6"                     [id=27396, stack(0x000000c25ad00000,0x000000c25ae00000) (1024K)]
  0x000002baff4c8b60 WorkerThread "GC Thread#7"                     [id=30676, stack(0x000000c25ae00000,0x000000c25af00000) (1024K)]
  0x000002ba933ad550 WorkerThread "GC Thread#8"                     [id=30284, stack(0x000000c25af00000,0x000000c25b000000) (1024K)]
  0x000002baff4836e0 WorkerThread "GC Thread#9"                     [id=5788, stack(0x000000c25b000000,0x000000c25b100000) (1024K)]
  0x000002baf5955920 ConcurrentGCThread "G1 Main Marker"            [id=22692, stack(0x000000c258e00000,0x000000c258f00000) (1024K)]
  0x000002baf5956330 WorkerThread "G1 Conc#0"                       [id=2892, stack(0x000000c258f00000,0x000000c259000000) (1024K)]
  0x000002baff483a80 WorkerThread "G1 Conc#1"                       [id=2144, stack(0x000000c25b100000,0x000000c25b200000) (1024K)]
  0x000002baff482c00 WorkerThread "G1 Conc#2"                       [id=22504, stack(0x000000c25b200000,0x000000c25b300000) (1024K)]
  0x000002bafea9a930 ConcurrentGCThread "G1 Refine#0"               [id=26664, stack(0x000000c259000000,0x000000c259100000) (1024K)]
  0x000002bafea9c160 ConcurrentGCThread "G1 Service"                [id=3952, stack(0x000000c259100000,0x000000c259200000) (1024K)]
Total: 18

Threads with active compile tasks:
C2 CompilerThread0  18099 4829       4       jdk.internal.jimage.ImageLocation::getFullName (109 bytes)
Total: 1

VM state: not at safepoint (normal execution)

VM Mutex/Monitor currently owned by a thread: None

Heap address: 0x0000000080000000, size: 2048 MB, Compressed Oops mode: 32-bit

CDS archive(s) not mapped
Compressed class space mapped at: 0x0000000100000000-0x0000000140000000, reserved size: 1073741824
Narrow klass base: 0x0000000000000000, Narrow klass shift: 3, Narrow klass range: 0x140000000

GC Precious Log:
 CardTable entry size: 512
 Card Set container configuration: InlinePtr #cards 5 size 8 Array Of Cards #cards 12 size 40 Howl #buckets 4 coarsen threshold 1843 Howl Bitmap #cards 512 size 80 coarsen threshold 460 Card regions per heap region 1 cards per card region 2048
 CPUs: 12 total, 12 available
 Memory: 7895M
 Large Page Support: Disabled
 NUMA Support: Disabled
 Compressed Oops: Enabled (32-bit)
 Heap Region Size: 1M
 Heap Min Capacity: 8M
 Heap Initial Capacity: 124M
 Heap Max Capacity: 2G
 Pre-touch: Disabled
 Parallel Workers: 10
 Concurrent Workers: 3
 Concurrent Refinement Workers: 10
 Periodic GC: Disabled

Heap:
 garbage-first heap   total 70656K, used 48080K [0x0000000080000000, 0x0000000100000000)
  region size 1024K, 7 young (7168K), 2 survivors (2048K)
 Metaspace       used 52438K, committed 53824K, reserved 1114112K
  class space    used 6888K, committed 7616K, reserved 1048576K

Heap Regions: E=young(eden), S=young(survivor), O=old, HS=humongous(starts), HC=humongous(continues), CS=collection set, F=free, TAMS=top-at-mark-start, PB=parsable bottom
|   0|0x0000000080000000, 0x0000000080100000, 0x0000000080100000|100%|HS|  |TAMS 0x0000000080000000| PB 0x0000000080000000| Complete 
|   1|0x0000000080100000, 0x0000000080200000, 0x0000000080200000|100%|HC|  |TAMS 0x0000000080100000| PB 0x0000000080100000| Complete 
|   2|0x0000000080200000, 0x0000000080300000, 0x0000000080300000|100%|HC|  |TAMS 0x0000000080200000| PB 0x0000000080200000| Complete 
|   3|0x0000000080300000, 0x0000000080400000, 0x0000000080400000|100%|HC|  |TAMS 0x0000000080300000| PB 0x0000000080300000| Complete 
|   4|0x0000000080400000, 0x0000000080500000, 0x0000000080500000|100%| O|  |TAMS 0x0000000080400000| PB 0x0000000080400000| Untracked 
|   5|0x0000000080500000, 0x0000000080600000, 0x0000000080600000|100%| O|  |TAMS 0x0000000080500000| PB 0x0000000080500000| Untracked 
|   6|0x0000000080600000, 0x0000000080700000, 0x0000000080700000|100%| O|  |TAMS 0x0000000080600000| PB 0x0000000080600000| Untracked 
|   7|0x0000000080700000, 0x0000000080800000, 0x0000000080800000|100%| O|  |TAMS 0x0000000080700000| PB 0x0000000080700000| Untracked 
|   8|0x0000000080800000, 0x0000000080900000, 0x0000000080900000|100%| O|  |TAMS 0x0000000080800000| PB 0x0000000080800000| Untracked 
|   9|0x0000000080900000, 0x0000000080a00000, 0x0000000080a00000|100%| O|  |TAMS 0x0000000080900000| PB 0x0000000080900000| Untracked 
|  10|0x0000000080a00000, 0x0000000080b00000, 0x0000000080b00000|100%| O|  |TAMS 0x0000000080a00000| PB 0x0000000080a00000| Untracked 
|  11|0x0000000080b00000, 0x0000000080c00000, 0x0000000080c00000|100%|HS|  |TAMS 0x0000000080b00000| PB 0x0000000080b00000| Complete 
|  12|0x0000000080c00000, 0x0000000080d00000, 0x0000000080d00000|100%| O|  |TAMS 0x0000000080c00000| PB 0x0000000080c00000| Untracked 
|  13|0x0000000080d00000, 0x0000000080e00000, 0x0000000080e00000|100%| O|  |TAMS 0x0000000080d00000| PB 0x0000000080d00000| Untracked 
|  14|0x0000000080e00000, 0x0000000080f00000, 0x0000000080f00000|100%| O|  |TAMS 0x0000000080e00000| PB 0x0000000080e00000| Untracked 
|  15|0x0000000080f00000, 0x0000000081000000, 0x0000000081000000|100%| O|  |TAMS 0x0000000080f00000| PB 0x0000000080f00000| Untracked 
|  16|0x0000000081000000, 0x0000000081100000, 0x0000000081100000|100%| O|  |TAMS 0x0000000081000000| PB 0x0000000081000000| Untracked 
|  17|0x0000000081100000, 0x0000000081200000, 0x0000000081200000|100%| O|  |TAMS 0x0000000081100000| PB 0x0000000081100000| Untracked 
|  18|0x0000000081200000, 0x0000000081300000, 0x0000000081300000|100%| O|  |TAMS 0x0000000081200000| PB 0x0000000081200000| Untracked 
|  19|0x0000000081300000, 0x0000000081400000, 0x0000000081400000|100%| O|  |TAMS 0x0000000081300000| PB 0x0000000081300000| Untracked 
|  20|0x0000000081400000, 0x0000000081500000, 0x0000000081500000|100%|HS|  |TAMS 0x0000000081400000| PB 0x0000000081400000| Complete 
|  21|0x0000000081500000, 0x0000000081600000, 0x0000000081600000|100%| O|  |TAMS 0x0000000081500000| PB 0x0000000081500000| Untracked 
|  22|0x0000000081600000, 0x0000000081700000, 0x0000000081700000|100%|HS|  |TAMS 0x0000000081600000| PB 0x0000000081600000| Complete 
|  23|0x0000000081700000, 0x0000000081800000, 0x0000000081800000|100%| O|  |TAMS 0x0000000081700000| PB 0x0000000081700000| Untracked 
|  24|0x0000000081800000, 0x0000000081900000, 0x0000000081900000|100%| O|  |TAMS 0x0000000081800000| PB 0x0000000081800000| Untracked 
|  25|0x0000000081900000, 0x0000000081a00000, 0x0000000081a00000|100%|HS|  |TAMS 0x0000000081900000| PB 0x0000000081900000| Complete 
|  26|0x0000000081a00000, 0x0000000081b00000, 0x0000000081b00000|100%|HC|  |TAMS 0x0000000081a00000| PB 0x0000000081a00000| Complete 
|  27|0x0000000081b00000, 0x0000000081c00000, 0x0000000081c00000|100%| O|  |TAMS 0x0000000081b00000| PB 0x0000000081b00000| Untracked 
|  28|0x0000000081c00000, 0x0000000081d00000, 0x0000000081d00000|100%| O|  |TAMS 0x0000000081c00000| PB 0x0000000081c00000| Untracked 
|  29|0x0000000081d00000, 0x0000000081e00000, 0x0000000081e00000|100%| O|  |TAMS 0x0000000081d00000| PB 0x0000000081d00000| Untracked 
|  30|0x0000000081e00000, 0x0000000081f00000, 0x0000000081f00000|100%| O|  |TAMS 0x0000000081e00000| PB 0x0000000081e00000| Untracked 
|  31|0x0000000081f00000, 0x0000000082000000, 0x0000000082000000|100%| O|  |TAMS 0x0000000081f00000| PB 0x0000000081f00000| Untracked 
|  32|0x0000000082000000, 0x0000000082100000, 0x0000000082100000|100%|HS|  |TAMS 0x0000000082000000| PB 0x0000000082000000| Complete 
|  33|0x0000000082100000, 0x0000000082200000, 0x0000000082200000|100%|HC|  |TAMS 0x0000000082100000| PB 0x0000000082100000| Complete 
|  34|0x0000000082200000, 0x0000000082300000, 0x0000000082300000|100%| O|  |TAMS 0x0000000082200000| PB 0x0000000082200000| Untracked 
|  35|0x0000000082300000, 0x0000000082400000, 0x0000000082400000|100%| O|  |TAMS 0x0000000082300000| PB 0x0000000082300000| Untracked 
|  36|0x0000000082400000, 0x0000000082500000, 0x0000000082500000|100%| O|  |TAMS 0x0000000082400000| PB 0x0000000082400000| Untracked 
|  37|0x0000000082500000, 0x0000000082600000, 0x0000000082600000|100%| O|  |TAMS 0x0000000082500000| PB 0x0000000082500000| Untracked 
|  38|0x0000000082600000, 0x0000000082600000, 0x0000000082700000|  0%| F|  |TAMS 0x0000000082600000| PB 0x0000000082600000| Untracked 
|  39|0x0000000082700000, 0x0000000082700000, 0x0000000082800000|  0%| F|  |TAMS 0x0000000082700000| PB 0x0000000082700000| Untracked 
|  40|0x0000000082800000, 0x0000000082800000, 0x0000000082900000|  0%| F|  |TAMS 0x0000000082800000| PB 0x0000000082800000| Untracked 
|  41|0x0000000082900000, 0x0000000082900000, 0x0000000082a00000|  0%| F|  |TAMS 0x0000000082900000| PB 0x0000000082900000| Untracked 
|  42|0x0000000082a00000, 0x0000000082b00000, 0x0000000082b00000|100%| O|  |TAMS 0x0000000082a00000| PB 0x0000000082a00000| Untracked 
|  43|0x0000000082b00000, 0x0000000082c00000, 0x0000000082c00000|100%| O|  |TAMS 0x0000000082b00000| PB 0x0000000082b00000| Untracked 
|  44|0x0000000082c00000, 0x0000000082c45920, 0x0000000082d00000| 27%| O|  |TAMS 0x0000000082c00000| PB 0x0000000082c00000| Untracked 
|  45|0x0000000082d00000, 0x0000000082d00000, 0x0000000082e00000|  0%| F|  |TAMS 0x0000000082d00000| PB 0x0000000082d00000| Untracked 
|  46|0x0000000082e00000, 0x0000000082eae900, 0x0000000082f00000| 68%| S|CS|TAMS 0x0000000082e00000| PB 0x0000000082e00000| Complete 
|  47|0x0000000082f00000, 0x0000000083000000, 0x0000000083000000|100%| S|CS|TAMS 0x0000000082f00000| PB 0x0000000082f00000| Complete 
|  48|0x0000000083000000, 0x0000000083000000, 0x0000000083100000|  0%| F|  |TAMS 0x0000000083000000| PB 0x0000000083000000| Untracked 
|  49|0x0000000083100000, 0x0000000083100000, 0x0000000083200000|  0%| F|  |TAMS 0x0000000083100000| PB 0x0000000083100000| Untracked 
|  50|0x0000000083200000, 0x0000000083200000, 0x0000000083300000|  0%| F|  |TAMS 0x0000000083200000| PB 0x0000000083200000| Untracked 
|  51|0x0000000083300000, 0x0000000083300000, 0x0000000083400000|  0%| F|  |TAMS 0x0000000083300000| PB 0x0000000083300000| Untracked 
|  52|0x0000000083400000, 0x0000000083400000, 0x0000000083500000|  0%| F|  |TAMS 0x0000000083400000| PB 0x0000000083400000| Untracked 
|  53|0x0000000083500000, 0x0000000083500000, 0x0000000083600000|  0%| F|  |TAMS 0x0000000083500000| PB 0x0000000083500000| Untracked 
|  54|0x0000000083600000, 0x0000000083600000, 0x0000000083700000|  0%| F|  |TAMS 0x0000000083600000| PB 0x0000000083600000| Untracked 
|  55|0x0000000083700000, 0x0000000083700000, 0x0000000083800000|  0%| F|  |TAMS 0x0000000083700000| PB 0x0000000083700000| Untracked 
|  56|0x0000000083800000, 0x0000000083800000, 0x0000000083900000|  0%| F|  |TAMS 0x0000000083800000| PB 0x0000000083800000| Untracked 
|  72|0x0000000084800000, 0x0000000084800000, 0x0000000084900000|  0%| F|  |TAMS 0x0000000084800000| PB 0x0000000084800000| Untracked 
|  73|0x0000000084900000, 0x0000000084900000, 0x0000000084a00000|  0%| F|  |TAMS 0x0000000084900000| PB 0x0000000084900000| Untracked 
|  74|0x0000000084a00000, 0x0000000084a00000, 0x0000000084b00000|  0%| F|  |TAMS 0x0000000084a00000| PB 0x0000000084a00000| Untracked 
|  75|0x0000000084b00000, 0x0000000084b00000, 0x0000000084c00000|  0%| F|  |TAMS 0x0000000084b00000| PB 0x0000000084b00000| Untracked 
|  76|0x0000000084c00000, 0x0000000084c00000, 0x0000000084d00000|  0%| F|  |TAMS 0x0000000084c00000| PB 0x0000000084c00000| Untracked 
|  77|0x0000000084d00000, 0x0000000084d00000, 0x0000000084e00000|  0%| F|  |TAMS 0x0000000084d00000| PB 0x0000000084d00000| Untracked 
|  78|0x0000000084e00000, 0x0000000084e67390, 0x0000000084f00000| 40%| E|  |TAMS 0x0000000084e00000| PB 0x0000000084e00000| Complete 
|  79|0x0000000084f00000, 0x0000000085000000, 0x0000000085000000|100%| E|CS|TAMS 0x0000000084f00000| PB 0x0000000084f00000| Complete 
|  80|0x0000000085000000, 0x0000000085100000, 0x0000000085100000|100%| E|CS|TAMS 0x0000000085000000| PB 0x0000000085000000| Complete 
| 123|0x0000000087b00000, 0x0000000087c00000, 0x0000000087c00000|100%| E|CS|TAMS 0x0000000087b00000| PB 0x0000000087b00000| Complete 
|2046|0x00000000ffe00000, 0x00000000fff00000, 0x00000000fff00000|100%| O|  |TAMS 0x00000000ffe00000| PB 0x00000000ffe00000| Untracked 
|2047|0x00000000fff00000, 0x0000000100000000, 0x0000000100000000|100%| E|CS|TAMS 0x00000000fff00000| PB 0x00000000fff00000| Complete 

Card table byte_map: [0x000002baf9b10000,0x000002baf9f10000] _byte_map_base: 0x000002baf9710000

Marking Bits: (CMBitMap*) 0x000002baf5943a60
 Bits: [0x000002baf9f10000, 0x000002bafbf10000)

Polling page: 0x000002baf4050000

Metaspace:

Usage:
  Non-class:     44.49 MB used.
      Class:      6.73 MB used.
       Both:     51.21 MB used.

Virtual space:
  Non-class space:       64.00 MB reserved,      45.12 MB ( 71%) committed,  1 nodes.
      Class space:        1.00 GB reserved,       7.44 MB ( <1%) committed,  1 nodes.
             Both:        1.06 GB reserved,      52.56 MB (  5%) committed. 

Chunk freelists:
   Non-Class:  1.97 MB
       Class:  8.56 MB
        Both:  10.53 MB

MaxMetaspaceSize: unlimited
CompressedClassSpaceSize: 1.00 GB
Initial GC threshold: 21.00 MB
Current GC threshold: 77.31 MB
CDS: off
 - commit_granule_bytes: 65536.
 - commit_granule_words: 8192.
 - virtual_space_node_default_size: 8388608.
 - enlarge_chunks_in_place: 1.
 - use_allocation_guard: 0.


Internal statistics:

num_allocs_failed_limit: 6.
num_arena_births: 2424.
num_arena_deaths: 0.
num_vsnodes_births: 2.
num_vsnodes_deaths: 0.
num_space_committed: 841.
num_space_uncommitted: 0.
num_chunks_returned_to_freelist: 6.
num_chunks_taken_from_freelist: 4398.
num_chunk_merges: 6.
num_chunk_splits: 2811.
num_chunks_enlarged: 1678.
num_inconsistent_stats: 0.

CodeHeap 'non-profiled nmethods': size=120000Kb used=2382Kb max_used=2382Kb free=117617Kb
 bounds [0x000002ba87ad0000, 0x000002ba87d40000, 0x000002ba8f000000]
CodeHeap 'profiled nmethods': size=120000Kb used=8559Kb max_used=8559Kb free=111440Kb
 bounds [0x000002ba80000000, 0x000002ba80860000, 0x000002ba87530000]
CodeHeap 'non-nmethods': size=5760Kb used=1906Kb max_used=1931Kb free=3853Kb
 bounds [0x000002ba87530000, 0x000002ba877a0000, 0x000002ba87ad0000]
 total_blobs=5162 nmethods=4466 adapters=599
 compilation: enabled
              stopped_count=0, restarted_count=0
 full_count=0

Compilation events (20 events):
Event: 17.010 Thread 0x000002bafedf4e60 4967       1       com.google.common.collect.ImmutableMapEntrySet$RegularEntrySet::map (5 bytes)
Event: 17.010 Thread 0x000002bafedf4e60 nmethod 4967 0x000002ba87d23690 code [0x000002ba87d23820, 0x000002ba87d238e8]
Event: 17.015 Thread 0x000002bafedf4e60 4968       3       jdk.internal.loader.URLClassPath$JarLoader$2::getInputStream (15 bytes)
Event: 17.015 Thread 0x000002bafedf4e60 nmethod 4968 0x000002ba80842c10 code [0x000002ba80842dc0, 0x000002ba80842f98]
Event: 17.017 Thread 0x000002bafedf4e60 4970       3       jdk.internal.loader.URLClassPath$JarLoader$2::getManifest (26 bytes)
Event: 17.018 Thread 0x000002bafedf4e60 nmethod 4970 0x000002ba80843090 code [0x000002ba808432e0, 0x000002ba80843a50]
Event: 17.018 Thread 0x000002bafedf4e60 4971       3       java.util.jar.JavaUtilJarAccessImpl::ensureInitialization (5 bytes)
Event: 17.018 Thread 0x000002bafedf4e60 nmethod 4971 0x000002ba80843e90 code [0x000002ba80844040, 0x000002ba80844208]
Event: 17.032 Thread 0x000002bafedf4e60 4972       3       java.lang.invoke.DirectMethodHandle$Interface::checkReceiver (82 bytes)
Event: 17.034 Thread 0x000002bafedf4e60 nmethod 4972 0x000002ba80844310 code [0x000002ba808446c0, 0x000002ba80845f18]
Event: 17.034 Thread 0x000002bafedf4e60 4973       3       org.objectweb.asm.SymbolTable::hash (7 bytes)
Event: 17.034 Thread 0x000002bafedf4e60 nmethod 4973 0x000002ba80846710 code [0x000002ba808468a0, 0x000002ba80846998]
Event: 17.037 Thread 0x000002bafedf4e60 4974       3       jdk.internal.reflect.ClassFileAssembler::append (30 bytes)
Event: 17.037 Thread 0x000002bafedf4e60 nmethod 4974 0x000002ba80846a10 code [0x000002ba80846c00, 0x000002ba808470b8]
Event: 17.039 Thread 0x000002bafedf4e60 4975       3       org.gradle.internal.reflect.MutableClassDetails::superType (12 bytes)
Event: 17.039 Thread 0x000002bafedf4e60 nmethod 4975 0x000002ba80847390 code [0x000002ba80847540, 0x000002ba80847710]
Event: 17.039 Thread 0x000002bafedf4e60 4976       3       java.util.Collections::addAll (43 bytes)
Event: 17.040 Thread 0x000002bafedf4e60 nmethod 4976 0x000002ba80847810 code [0x000002ba808479c0, 0x000002ba80847c60]
Event: 17.040 Thread 0x000002bafedf4e60 4977       3       kotlin.sequences.TransformingSequence$iterator$1::next (22 bytes)
Event: 17.040 Thread 0x000002bafedf4e60 nmethod 4977 0x000002ba80847d90 code [0x000002ba80847f60, 0x000002ba80848218]

GC Heap History (20 events):
Event: 3.633 GC heap before
{Heap before GC invocations=1 (full 0):
 garbage-first heap   total 126976K, used 38912K [0x0000000080000000, 0x0000000100000000)
  region size 1024K, 31 young (31744K), 3 survivors (3072K)
 Metaspace       used 11964K, committed 12096K, reserved 1114112K
  class space    used 1235K, committed 1280K, reserved 1048576K
}
Event: 3.641 GC heap after
{Heap after GC invocations=2 (full 0):
 garbage-first heap   total 126976K, used 14430K [0x0000000080000000, 0x0000000100000000)
  region size 1024K, 4 young (4096K), 4 survivors (4096K)
 Metaspace       used 11964K, committed 12096K, reserved 1114112K
  class space    used 1235K, committed 1280K, reserved 1048576K
}
Event: 6.225 GC heap before
{Heap before GC invocations=2 (full 0):
 garbage-first heap   total 126976K, used 53342K [0x0000000080000000, 0x0000000100000000)
  region size 1024K, 43 young (44032K), 4 survivors (4096K)
 Metaspace       used 21239K, committed 21504K, reserved 1114112K
  class space    used 2458K, committed 2560K, reserved 1048576K
}
Event: 6.232 GC heap after
{Heap after GC invocations=3 (full 0):
 garbage-first heap   total 126976K, used 19028K [0x0000000080000000, 0x0000000100000000)
  region size 1024K, 9 young (9216K), 9 survivors (9216K)
 Metaspace       used 21239K, committed 21504K, reserved 1114112K
  class space    used 2458K, committed 2560K, reserved 1048576K
}
Event: 7.406 GC heap before
{Heap before GC invocations=4 (full 0):
 garbage-first heap   total 68608K, used 50772K [0x0000000080000000, 0x0000000100000000)
  region size 1024K, 40 young (40960K), 9 survivors (9216K)
 Metaspace       used 26398K, committed 26816K, reserved 1114112K
  class space    used 3252K, committed 3456K, reserved 1048576K
}
Event: 7.413 GC heap after
{Heap after GC invocations=5 (full 0):
 garbage-first heap   total 68608K, used 20565K [0x0000000080000000, 0x0000000100000000)
  region size 1024K, 2 young (2048K), 2 survivors (2048K)
 Metaspace       used 26398K, committed 26816K, reserved 1114112K
  class space    used 3252K, committed 3456K, reserved 1048576K
}
Event: 9.197 GC heap before
{Heap before GC invocations=5 (full 0):
 garbage-first heap   total 68608K, used 52309K [0x0000000080000000, 0x0000000100000000)
  region size 1024K, 33 young (33792K), 2 survivors (2048K)
 Metaspace       used 31099K, committed 31872K, reserved 1114112K
  class space    used 4086K, committed 4480K, reserved 1048576K
}
Event: 9.202 GC heap after
{Heap after GC invocations=6 (full 0):
 garbage-first heap   total 68608K, used 22646K [0x0000000080000000, 0x0000000100000000)
  region size 1024K, 5 young (5120K), 5 survivors (5120K)
 Metaspace       used 31099K, committed 31872K, reserved 1114112K
  class space    used 4086K, committed 4480K, reserved 1048576K
}
Event: 10.374 GC heap before
{Heap before GC invocations=6 (full 0):
 garbage-first heap   total 68608K, used 43126K [0x0000000080000000, 0x0000000100000000)
  region size 1024K, 25 young (25600K), 5 survivors (5120K)
 Metaspace       used 35228K, committed 36096K, reserved 1114112K
  class space    used 4544K, committed 4992K, reserved 1048576K
}
Event: 10.379 GC heap after
{Heap after GC invocations=7 (full 0):
 garbage-first heap   total 68608K, used 23676K [0x0000000080000000, 0x0000000100000000)
  region size 1024K, 4 young (4096K), 4 survivors (4096K)
 Metaspace       used 35228K, committed 36096K, reserved 1114112K
  class space    used 4544K, committed 4992K, reserved 1048576K
}
Event: 12.387 GC heap before
{Heap before GC invocations=8 (full 0):
 garbage-first heap   total 68608K, used 57468K [0x0000000080000000, 0x0000000100000000)
  region size 1024K, 35 young (35840K), 4 survivors (4096K)
 Metaspace       used 39454K, committed 40384K, reserved 1114112K
  class space    used 5123K, committed 5568K, reserved 1048576K
}
Event: 12.394 GC heap after
{Heap after GC invocations=9 (full 0):
 garbage-first heap   total 68608K, used 30064K [0x0000000080000000, 0x0000000100000000)
  region size 1024K, 5 young (5120K), 5 survivors (5120K)
 Metaspace       used 39454K, committed 40384K, reserved 1114112K
  class space    used 5123K, committed 5568K, reserved 1048576K
}
Event: 13.835 GC heap before
{Heap before GC invocations=9 (full 0):
 garbage-first heap   total 68608K, used 59760K [0x0000000080000000, 0x0000000100000000)
  region size 1024K, 31 young (31744K), 5 survivors (5120K)
 Metaspace       used 42887K, committed 44032K, reserved 1114112K
  class space    used 5700K, committed 6272K, reserved 1048576K
}
Event: 13.843 GC heap after
{Heap after GC invocations=10 (full 0):
 garbage-first heap   total 70656K, used 36885K [0x0000000080000000, 0x0000000100000000)
  region size 1024K, 3 young (3072K), 3 survivors (3072K)
 Metaspace       used 42887K, committed 44032K, reserved 1114112K
  class space    used 5700K, committed 6272K, reserved 1048576K
}
Event: 15.055 GC heap before
{Heap before GC invocations=10 (full 0):
 garbage-first heap   total 70656K, used 59413K [0x0000000080000000, 0x0000000100000000)
  region size 1024K, 26 young (26624K), 3 survivors (3072K)
 Metaspace       used 45969K, committed 47360K, reserved 1114112K
  class space    used 6199K, committed 6912K, reserved 1048576K
}
Event: 15.060 GC heap after
{Heap after GC invocations=11 (full 0):
 garbage-first heap   total 70656K, used 38620K [0x0000000080000000, 0x0000000100000000)
  region size 1024K, 2 young (2048K), 2 survivors (2048K)
 Metaspace       used 45969K, committed 47360K, reserved 1114112K
  class space    used 6199K, committed 6912K, reserved 1048576K
}
Event: 16.456 GC heap before
{Heap before GC invocations=12 (full 0):
 garbage-first heap   total 70656K, used 61148K [0x0000000080000000, 0x0000000100000000)
  region size 1024K, 25 young (25600K), 2 survivors (2048K)
 Metaspace       used 51719K, committed 53056K, reserved 1114112K
  class space    used 6799K, committed 7424K, reserved 1048576K
}
Event: 16.461 GC heap after
{Heap after GC invocations=13 (full 0):
 garbage-first heap   total 70656K, used 42319K [0x0000000080000000, 0x0000000100000000)
  region size 1024K, 4 young (4096K), 4 survivors (4096K)
 Metaspace       used 51719K, committed 53056K, reserved 1114112K
  class space    used 6799K, committed 7424K, reserved 1048576K
}
Event: 16.809 GC heap before
{Heap before GC invocations=13 (full 0):
 garbage-first heap   total 70656K, used 61775K [0x0000000080000000, 0x0000000100000000)
  region size 1024K, 23 young (23552K), 4 survivors (4096K)
 Metaspace       used 52014K, committed 53376K, reserved 1114112K
  class space    used 6821K, committed 7488K, reserved 1048576K
}
Event: 16.814 GC heap after
{Heap after GC invocations=14 (full 0):
 garbage-first heap   total 70656K, used 43984K [0x0000000080000000, 0x0000000100000000)
  region size 1024K, 2 young (2048K), 2 survivors (2048K)
 Metaspace       used 52014K, committed 53376K, reserved 1114112K
  class space    used 6821K, committed 7488K, reserved 1048576K
}

Dll operation events (3 events):
Event: 0.062 Loaded shared library C:\Program Files\Android\Android Studio\jbr\bin\java.dll
Event: 0.094 Loaded shared library C:\Program Files\Android\Android Studio\jbr\bin\zip.dll
Event: 1.496 Loaded shared library C:\Program Files\Android\Android Studio\jbr\bin\verify.dll

Deoptimization events (20 events):
Event: 16.516 Thread 0x000002baff16b000 Uncommon trap: trap_request=0xffffffc6 fr.pc=0x000002ba87be16f8 relative=0x0000000000000298
Event: 16.516 Thread 0x000002baff16b000 Uncommon trap: reason=bimorphic_or_optimized_type_check action=maybe_recompile pc=0x000002ba87be16f8 method=java.util.stream.MatchOps$1MatchSink.accept(Ljava/lang/Object;)V @ 12 c2
Event: 16.516 Thread 0x000002baff16b000 DEOPT PACKING pc=0x000002ba87be16f8 sp=0x000000c25a8f7710
Event: 16.516 Thread 0x000002baff16b000 DEOPT UNPACKING pc=0x000002ba875846a2 sp=0x000000c25a8f76b8 mode 2
Event: 16.516 Thread 0x000002baff16b000 Uncommon trap: trap_request=0xffffffc6 fr.pc=0x000002ba87be16f8 relative=0x0000000000000298
Event: 16.516 Thread 0x000002baff16b000 Uncommon trap: reason=bimorphic_or_optimized_type_check action=maybe_recompile pc=0x000002ba87be16f8 method=java.util.stream.MatchOps$1MatchSink.accept(Ljava/lang/Object;)V @ 12 c2
Event: 16.516 Thread 0x000002baff16b000 DEOPT PACKING pc=0x000002ba87be16f8 sp=0x000000c25a8f7710
Event: 16.516 Thread 0x000002baff16b000 DEOPT UNPACKING pc=0x000002ba875846a2 sp=0x000000c25a8f76b8 mode 2
Event: 16.531 Thread 0x000002baff16b000 Uncommon trap: trap_request=0xffffff45 fr.pc=0x000002ba87bc9118 relative=0x00000000000000f8
Event: 16.531 Thread 0x000002baff16b000 Uncommon trap: reason=unstable_if action=reinterpret pc=0x000002ba87bc9118 method=java.lang.ClassLoader.getClassLoadingLock(Ljava/lang/String;)Ljava/lang/Object; @ 6 c2
Event: 16.531 Thread 0x000002baff16b000 DEOPT PACKING pc=0x000002ba87bc9118 sp=0x000000c25a8f7d30
Event: 16.531 Thread 0x000002baff16b000 DEOPT UNPACKING pc=0x000002ba875846a2 sp=0x000000c25a8f7cc0 mode 2
Event: 16.537 Thread 0x000002baff16b000 Uncommon trap: trap_request=0xffffff6e fr.pc=0x000002ba87d08a64 relative=0x0000000000000824
Event: 16.537 Thread 0x000002baff16b000 Uncommon trap: reason=loop_limit_check action=maybe_recompile pc=0x000002ba87d08a64 method=java.util.regex.Pattern$Start.match(Ljava/util/regex/Matcher;ILjava/lang/CharSequence;)Z @ 34 c2
Event: 16.537 Thread 0x000002baff16b000 DEOPT PACKING pc=0x000002ba87d08a64 sp=0x000000c25a8f7ab0
Event: 16.537 Thread 0x000002baff16b000 DEOPT UNPACKING pc=0x000002ba875846a2 sp=0x000000c25a8f7a00 mode 2
Event: 16.824 Thread 0x000002baff16b000 Uncommon trap: trap_request=0xffffffbe fr.pc=0x000002ba87cf522c relative=0x00000000000001cc
Event: 16.825 Thread 0x000002baff16b000 Uncommon trap: reason=profile_predicate action=maybe_recompile pc=0x000002ba87cf522c method=java.util.AbstractCollection.addAll(Ljava/util/Collection;)Z @ 15 c2
Event: 16.825 Thread 0x000002baff16b000 DEOPT PACKING pc=0x000002ba87cf522c sp=0x000000c25a8f9560
Event: 16.825 Thread 0x000002baff16b000 DEOPT UNPACKING pc=0x000002ba875846a2 sp=0x000000c25a8f94f8 mode 2

Classes loaded (20 events):
Event: 16.545 Loading class jdk/internal/jimage/ImageReader$SharedImageReader$LocationVisitor
Event: 16.545 Loading class jdk/internal/jimage/ImageReader$SharedImageReader$LocationVisitor done
Event: 16.546 Loading class java/nio/ByteBufferAsIntBufferL
Event: 16.547 Loading class java/nio/ByteBufferAsIntBufferL done
Event: 16.549 Loading class jdk/internal/jrtfs/JrtFileAttributes
Event: 16.549 Loading class jdk/internal/jrtfs/JrtFileAttributes done
Event: 16.549 Loading class jdk/internal/jrtfs/JrtDirectoryStream
Event: 16.550 Loading class jdk/internal/jrtfs/JrtDirectoryStream done
Event: 16.551 Loading class jdk/internal/jrtfs/JrtDirectoryStream$1
Event: 16.551 Loading class jdk/internal/jrtfs/JrtDirectoryStream$1 done
Event: 16.552 Loading class java/util/function/BooleanSupplier
Event: 16.552 Loading class java/util/function/BooleanSupplier done
Event: 16.553 Loading class jdk/internal/jimage/ImageReader$Resource
Event: 16.553 Loading class jdk/internal/jimage/ImageReader$Resource done
Event: 16.802 Loading class java/util/WeakHashMap$KeyIterator
Event: 16.803 Loading class java/util/WeakHashMap$HashIterator
Event: 16.803 Loading class java/util/WeakHashMap$HashIterator done
Event: 16.803 Loading class java/util/WeakHashMap$KeyIterator done
Event: 17.002 Loading class java/util/AbstractList$ListItr
Event: 17.007 Loading class java/util/AbstractList$ListItr done

Classes unloaded (0 events):
No events

Classes redefined (0 events):
No events

Internal exceptions (20 events):
Event: 14.708 Thread 0x000002baff16b000 Implicit null exception at 0x000002ba87cd9cef to 0x000002ba87cd9da0
Event: 15.277 Thread 0x000002baff16b000 Implicit null exception at 0x000002ba87be1f34 to 0x000002ba87be2454
Event: 15.277 Thread 0x000002baff16b000 Implicit null exception at 0x000002ba87caf198 to 0x000002ba87caf514
Event: 15.277 Thread 0x000002baff16b000 Implicit null exception at 0x000002ba87c61530 to 0x000002ba87c61df4
Event: 15.278 Thread 0x000002baff16b000 Exception <a 'java/lang/NoSuchMethodError'{0x0000000084dd4a08}: 'java.lang.reflect.Method[] java.lang.Class.getDeclaredMethods(java.lang.Class)'> (0x0000000084dd4a08) 
thrown [s\src\hotspot\share\interpreter\linkResolver.cpp, line 784]
Event: 15.369 Thread 0x000002baff16b000 Exception <a 'java/lang/NoSuchMethodError'{0x0000000084b199c0}: 'void java.lang.invoke.DirectMethodHandle$Holder.invokeStaticInit(java.lang.Object, java.lang.Object, java.lang.Object)'> (0x0000000084b199c0) 
thrown [s\src\hotspot\share\interpreter\linkResolver.cpp, line 784]
Event: 15.374 Thread 0x000002baff16b000 Exception <a 'java/lang/NoSuchMethodError'{0x0000000084b206c8}: 'void java.lang.invoke.DirectMethodHandle$Holder.invokeStaticInit(java.lang.Object, java.lang.Object, java.lang.Object, java.lang.Object)'> (0x0000000084b206c8) 
thrown [s\src\hotspot\share\interpreter\linkResolver.cpp, line 784]
Event: 15.395 Thread 0x000002baff16b000 Exception <a 'java/lang/NoSuchMethodError'{0x0000000084b42108}: 'void java.lang.invoke.DirectMethodHandle$Holder.invokeStaticInit(java.lang.Object, java.lang.Object, java.lang.Object, java.lang.Object, java.lang.Object)'> (0x0000000084b42108) 
thrown [s\src\hotspot\share\interpreter\linkResolver.cpp, line 784]
Event: 15.431 Thread 0x000002baff16b000 Exception <a 'java/lang/NoSuchMethodError'{0x0000000084b99e10}: 'int java.lang.invoke.DirectMethodHandle$Holder.invokeStaticInit(java.lang.Object, java.lang.Object, java.lang.Object, java.lang.Object)'> (0x0000000084b99e10) 
thrown [s\src\hotspot\share\interpreter\linkResolver.cpp, line 784]
Event: 16.047 Thread 0x000002baff16b000 Exception <a 'java/lang/ClassNotFoundException'{0x00000000833adf38}: groovy/lang/ExpandoMetaClassBeanInfo> (0x00000000833adf38) 
thrown [s\src\hotspot\share\classfile\systemDictionary.cpp, line 312]
Event: 16.049 Thread 0x000002baff16b000 Exception <a 'java/lang/ClassNotFoundException'{0x00000000833b5df0}: groovy/lang/MetaClassImplBeanInfo> (0x00000000833b5df0) 
thrown [s\src\hotspot\share\classfile\systemDictionary.cpp, line 312]
Event: 16.049 Thread 0x000002baff16b000 Exception <a 'java/lang/ClassNotFoundException'{0x00000000833bad98}: java/lang/ObjectBeanInfo> (0x00000000833bad98) 
thrown [s\src\hotspot\share\classfile\systemDictionary.cpp, line 312]
Event: 16.051 Thread 0x000002baff16b000 Exception <a 'java/lang/ClassNotFoundException'{0x00000000833c0ae0}: java/lang/ObjectCustomizer> (0x00000000833c0ae0) 
thrown [s\src\hotspot\share\classfile\systemDictionary.cpp, line 312]
Event: 16.059 Thread 0x000002baff16b000 Exception <a 'java/lang/IncompatibleClassChangeError'{0x00000000833ceef0}: Found class java.lang.Object, but interface was expected> (0x00000000833ceef0) 
thrown [s\src\hotspot\share\interpreter\linkResolver.cpp, line 851]
Event: 16.068 Thread 0x000002baff16b000 Exception <a 'java/lang/ClassNotFoundException'{0x00000000833e9d80}: groovy/lang/MetaClassImplCustomizer> (0x00000000833e9d80) 
thrown [s\src\hotspot\share\classfile\systemDictionary.cpp, line 312]
Event: 16.072 Thread 0x000002baff16b000 Exception <a 'java/lang/ClassNotFoundException'{0x0000000083211a98}: groovy/lang/ExpandoMetaClassCustomizer> (0x0000000083211a98) 
thrown [s\src\hotspot\share\classfile\systemDictionary.cpp, line 312]
Event: 16.818 Thread 0x000002baff16b000 Exception <a 'java/lang/ClassNotFoundException'{0x00000000fff11410}: org/gradle/internal/extensibility/DefaultExtraPropertiesExtensionBeanInfo> (0x00000000fff11410) 
thrown [s\src\hotspot\share\classfile\systemDictionary.cpp, line 312]
Event: 16.818 Thread 0x000002baff16b000 Exception <a 'java/lang/ClassNotFoundException'{0x00000000fff19338}: groovy/lang/GroovyObjectSupportBeanInfo> (0x00000000fff19338) 
thrown [s\src\hotspot\share\classfile\systemDictionary.cpp, line 312]
Event: 16.819 Thread 0x000002baff16b000 Exception <a 'java/lang/ClassNotFoundException'{0x00000000fff21268}: groovy/lang/GroovyObjectSupportCustomizer> (0x00000000fff21268) 
thrown [s\src\hotspot\share\classfile\systemDictionary.cpp, line 312]
Event: 16.823 Thread 0x000002baff16b000 Exception <a 'java/lang/ClassNotFoundException'{0x00000000fff3ab68}: org/gradle/internal/extensibility/DefaultExtraPropertiesExtensionCustomizer> (0x00000000fff3ab68) 
thrown [s\src\hotspot\share\classfile\systemDictionary.cpp, line 312]

ZGC Phase Switch (0 events):
No events

VM Operations (20 events):
Event: 16.262 Executing VM operation: HandshakeAllThreads (Deoptimize)
Event: 16.262 Executing VM operation: HandshakeAllThreads (Deoptimize) done
Event: 16.279 Executing VM operation: HandshakeAllThreads (Deoptimize)
Event: 16.279 Executing VM operation: HandshakeAllThreads (Deoptimize) done
Event: 16.290 Executing VM operation: HandshakeAllThreads (Deoptimize)
Event: 16.291 Executing VM operation: HandshakeAllThreads (Deoptimize) done
Event: 16.324 Executing VM operation: HandshakeAllThreads (Deoptimize)
Event: 16.324 Executing VM operation: HandshakeAllThreads (Deoptimize) done
Event: 16.455 Executing VM operation: G1CollectForAllocation (G1 Evacuation Pause)
Event: 16.461 Executing VM operation: G1CollectForAllocation (G1 Evacuation Pause) done
Event: 16.548 Executing VM operation: HandshakeAllThreads (Deoptimize)
Event: 16.548 Executing VM operation: HandshakeAllThreads (Deoptimize) done
Event: 16.809 Executing VM operation: G1CollectForAllocation (G1 Evacuation Pause)
Event: 16.814 Executing VM operation: G1CollectForAllocation (G1 Evacuation Pause) done
Event: 16.883 Executing VM operation: HandshakeAllThreads (Deoptimize)
Event: 16.883 Executing VM operation: HandshakeAllThreads (Deoptimize) done
Event: 17.008 Executing VM operation: HandshakeAllThreads (Deoptimize)
Event: 17.008 Executing VM operation: HandshakeAllThreads (Deoptimize) done
Event: 18.022 Executing VM operation: Cleanup
Event: 18.022 Executing VM operation: Cleanup done

Memory protections (0 events):
No events

Nmethod flushes (20 events):
Event: 15.081 Thread 0x000002bafec2cf50 flushing  nmethod 0x000002ba8037c890
Event: 15.081 Thread 0x000002bafec2cf50 flushing  nmethod 0x000002ba8037ef90
Event: 15.081 Thread 0x000002bafec2cf50 flushing  nmethod 0x000002ba803e8a90
Event: 15.081 Thread 0x000002bafec2cf50 flushing  nmethod 0x000002ba8043dd10
Event: 15.081 Thread 0x000002bafec2cf50 flushing  nmethod 0x000002ba80611c10
Event: 15.081 Thread 0x000002bafec2cf50 flushing  nmethod 0x000002ba80612290
Event: 15.081 Thread 0x000002bafec2cf50 flushing osr nmethod 0x000002ba8061b890
Event: 15.081 Thread 0x000002bafec2cf50 flushing  nmethod 0x000002ba87bc6a90
Event: 15.081 Thread 0x000002bafec2cf50 flushing  nmethod 0x000002ba80036b10
Event: 15.081 Thread 0x000002bafec2cf50 flushing  nmethod 0x000002ba80080210
Event: 15.081 Thread 0x000002bafec2cf50 flushing  nmethod 0x000002ba80082990
Event: 15.081 Thread 0x000002bafec2cf50 flushing  nmethod 0x000002ba800ec590
Event: 15.081 Thread 0x000002bafec2cf50 flushing  nmethod 0x000002ba8020cc90
Event: 15.081 Thread 0x000002bafec2cf50 flushing  nmethod 0x000002ba802d6c90
Event: 15.081 Thread 0x000002bafec2cf50 flushing  nmethod 0x000002ba802d8490
Event: 15.081 Thread 0x000002bafec2cf50 flushing  nmethod 0x000002ba802db010
Event: 15.081 Thread 0x000002bafec2cf50 flushing  nmethod 0x000002ba80334c90
Event: 15.081 Thread 0x000002bafec2cf50 flushing  nmethod 0x000002ba80336d90
Event: 15.081 Thread 0x000002bafec2cf50 flushing  nmethod 0x000002ba80337490
Event: 15.081 Thread 0x000002bafec2cf50 flushing  nmethod 0x000002ba8041ff90

Events (20 events):
Event: 4.946 Thread 0x000002baf3e26480 Thread added: 0x000002ba932e1730
Event: 5.071 Thread 0x000002baf3e26480 Thread added: 0x000002ba9403db40
Event: 5.222 Thread 0x000002ba932e1730 Thread added: 0x000002ba940af7f0
Event: 5.228 Thread 0x000002ba940af7f0 Thread added: 0x000002ba94030720
Event: 5.910 Thread 0x000002ba940af7f0 Thread added: 0x000002bafefa66c0
Event: 5.922 Thread 0x000002ba940af7f0 Thread added: 0x000002baff16b000
Event: 5.941 Thread 0x000002baff16b000 Thread added: 0x000002baff16be80
Event: 5.947 Thread 0x000002baff16b000 Thread added: 0x000002ba9413b280
Event: 5.952 Thread 0x000002baff16b000 Thread added: 0x000002ba9413b910
Event: 6.789 Thread 0x000002baff16b000 Thread added: 0x000002ba94139840
Event: 6.809 Thread 0x000002baff16b000 Thread added: 0x000002ba9413a560
Event: 7.576 Thread 0x000002baff16b000 Thread added: 0x000002ba9413bfa0
Event: 8.575 Thread 0x000002baff16b000 Thread added: 0x000002ba94343c10
Event: 8.760 Thread 0x000002baff16b000 Thread added: 0x000002ba94342ef0
Event: 10.222 Thread 0x000002baff16b000 Thread added: 0x000002ba943442a0
Event: 12.963 Thread 0x000002baff16b000 Thread added: 0x000002ba94344fc0
Event: 12.979 Thread 0x000002baff16b000 Thread added: 0x000002ba94345650
Event: 13.283 Thread 0x000002baff16b000 Thread added: 0x000002ba94346370
Event: 13.739 Thread 0x000002baff16b000 Thread added: 0x000002ba94347db0
Event: 14.152 Thread 0x000002baff16b000 Thread added: 0x000002ba94344930


Dynamic libraries:
0x00007ff7fcaa0000 - 0x00007ff7fcaaa000 	C:\Program Files\Android\Android Studio\jbr\bin\java.exe
0x00007ffb059c0000 - 0x00007ffb05c26000 	C:\WINDOWS\SYSTEM32\ntdll.dll
0x00007ffb04c60000 - 0x00007ffb04d29000 	C:\WINDOWS\System32\KERNEL32.DLL
0x00007ffb02eb0000 - 0x00007ffb0327c000 	C:\WINDOWS\System32\KERNELBASE.dll
0x00007ffb02b50000 - 0x00007ffb02c9b000 	C:\WINDOWS\System32\ucrtbase.dll
0x00007ffab9710000 - 0x00007ffab972b000 	C:\Program Files\Android\Android Studio\jbr\bin\VCRUNTIME140.dll
0x00007ffaf3eb0000 - 0x00007ffaf3ec8000 	C:\Program Files\Android\Android Studio\jbr\bin\jli.dll
0x00007ffb03780000 - 0x00007ffb0394a000 	C:\WINDOWS\System32\USER32.dll
0x00007ffb02e80000 - 0x00007ffb02ea7000 	C:\WINDOWS\System32\win32u.dll
0x00007ffb04c30000 - 0x00007ffb04c5b000 	C:\WINDOWS\System32\GDI32.dll
0x00007ffb02d40000 - 0x00007ffb02e72000 	C:\WINDOWS\System32\gdi32full.dll
0x00007ffb03310000 - 0x00007ffb033b3000 	C:\WINDOWS\System32\msvcp_win.dll
0x00007ffada990000 - 0x00007ffadac2a000 	C:\WINDOWS\WinSxS\amd64_microsoft.windows.common-controls_6595b64144ccf1df_6.0.26100.3912_none_3e07963ce335137e\COMCTL32.dll
0x00007ffb04e50000 - 0x00007ffb04ef9000 	C:\WINDOWS\System32\msvcrt.dll
0x00007ffb03df0000 - 0x00007ffb03e20000 	C:\WINDOWS\System32\IMM32.DLL
0x00007ffad2890000 - 0x00007ffad289c000 	C:\Program Files\Android\Android Studio\jbr\bin\vcruntime140_1.dll
0x00007ffa98780000 - 0x00007ffa9880d000 	C:\Program Files\Android\Android Studio\jbr\bin\msvcp140.dll
0x00007ffa2a3a0000 - 0x00007ffa2b02a000 	C:\Program Files\Android\Android Studio\jbr\bin\server\jvm.dll
0x00007ffb04990000 - 0x00007ffb04a42000 	C:\WINDOWS\System32\ADVAPI32.dll
0x00007ffb048d0000 - 0x00007ffb04976000 	C:\WINDOWS\System32\sechost.dll
0x00007ffb04b10000 - 0x00007ffb04c26000 	C:\WINDOWS\System32\RPCRT4.dll
0x00007ffb057f0000 - 0x00007ffb05864000 	C:\WINDOWS\System32\WS2_32.dll
0x00007ffb01780000 - 0x00007ffb017de000 	C:\WINDOWS\SYSTEM32\POWRPROF.dll
0x00007ffaf1480000 - 0x00007ffaf14b6000 	C:\WINDOWS\SYSTEM32\WINMM.dll
0x00007ffaf13b0000 - 0x00007ffaf13bb000 	C:\WINDOWS\SYSTEM32\VERSION.dll
0x00007ffb01760000 - 0x00007ffb01774000 	C:\WINDOWS\SYSTEM32\UMPDC.dll
0x00007ffb01a30000 - 0x00007ffb01a4a000 	C:\WINDOWS\SYSTEM32\kernel.appcore.dll
0x00007ffab9700000 - 0x00007ffab970a000 	C:\Program Files\Android\Android Studio\jbr\bin\jimage.dll
0x00007ffb00290000 - 0x00007ffb004d1000 	C:\WINDOWS\SYSTEM32\DBGHELP.DLL
0x00007ffb05460000 - 0x00007ffb057e4000 	C:\WINDOWS\System32\combase.dll
0x00007ffb03f30000 - 0x00007ffb04010000 	C:\WINDOWS\System32\OLEAUT32.dll
0x00007ffad8150000 - 0x00007ffad8189000 	C:\WINDOWS\SYSTEM32\dbgcore.DLL
0x00007ffb02ca0000 - 0x00007ffb02d39000 	C:\WINDOWS\System32\bcryptPrimitives.dll
0x00007ffaf3b90000 - 0x00007ffaf3b9e000 	C:\Program Files\Android\Android Studio\jbr\bin\instrument.dll
0x00007ffab96e0000 - 0x00007ffab9700000 	C:\Program Files\Android\Android Studio\jbr\bin\java.dll
0x00007ffaa2af0000 - 0x00007ffaa2b08000 	C:\Program Files\Android\Android Studio\jbr\bin\zip.dll
0x00007ffb041a0000 - 0x00007ffb048cd000 	C:\WINDOWS\System32\SHELL32.dll
0x00007ffb03480000 - 0x00007ffb035f4000 	C:\WINDOWS\System32\wintypes.dll
0x00007ffb007d0000 - 0x00007ffb01026000 	C:\WINDOWS\SYSTEM32\windows.storage.dll
0x00007ffb03e30000 - 0x00007ffb03f1f000 	C:\WINDOWS\System32\SHCORE.dll
0x00007ffb04aa0000 - 0x00007ffb04b09000 	C:\WINDOWS\System32\shlwapi.dll
0x00007ffb02a60000 - 0x00007ffb02a8f000 	C:\WINDOWS\SYSTEM32\profapi.dll
0x00007ffab96d0000 - 0x00007ffab96e0000 	C:\Program Files\Android\Android Studio\jbr\bin\net.dll
0x00007ffafb050000 - 0x00007ffafb16e000 	C:\WINDOWS\SYSTEM32\WINHTTP.dll
0x00007ffb01fa0000 - 0x00007ffb0200a000 	C:\WINDOWS\system32\mswsock.dll
0x00007ffaa2320000 - 0x00007ffaa2336000 	C:\Program Files\Android\Android Studio\jbr\bin\nio.dll
0x00007ffa9a7c0000 - 0x00007ffa9a7d0000 	C:\Program Files\Android\Android Studio\jbr\bin\verify.dll
0x00007ffaf38a0000 - 0x00007ffaf38c7000 	C:\Users\ayand\.gradle\native\68d5fa5c4cc2d200863cafc0d521ce42e7d3e7ee720ec0a83991735586a16f82\windows-amd64\native-platform.dll
0x00007ffa6eae0000 - 0x00007ffa6ec24000 	C:\Users\ayand\.gradle\native\e376f236ea51e6404a007f0833ffe2c6e607c4080706a723a18a27aeea778392\windows-amd64\native-platform-file-events.dll
0x00007ffa9aaa0000 - 0x00007ffa9aaa9000 	C:\Program Files\Android\Android Studio\jbr\bin\management.dll
0x00007ffa9a7e0000 - 0x00007ffa9a7eb000 	C:\Program Files\Android\Android Studio\jbr\bin\management_ext.dll
0x00007ffb05970000 - 0x00007ffb05978000 	C:\WINDOWS\System32\PSAPI.DLL
0x00007ffb02240000 - 0x00007ffb0225c000 	C:\WINDOWS\SYSTEM32\CRYPTSP.dll
0x00007ffb01990000 - 0x00007ffb019ca000 	C:\WINDOWS\system32\rsaenh.dll
0x00007ffb02040000 - 0x00007ffb0206b000 	C:\WINDOWS\SYSTEM32\USERENV.dll
0x00007ffb02a30000 - 0x00007ffb02a56000 	C:\WINDOWS\SYSTEM32\bcrypt.dll
0x00007ffb02260000 - 0x00007ffb0226c000 	C:\WINDOWS\SYSTEM32\CRYPTBASE.dll
0x00007ffb01470000 - 0x00007ffb014a3000 	C:\WINDOWS\SYSTEM32\IPHLPAPI.DLL
0x00007ffb04e40000 - 0x00007ffb04e4a000 	C:\WINDOWS\System32\NSI.dll
0x00007ffa9ab00000 - 0x00007ffa9ab09000 	C:\Program Files\Android\Android Studio\jbr\bin\extnet.dll
0x00007ffab2d90000 - 0x00007ffab2d98000 	C:\WINDOWS\system32\wshunix.dll

dbghelp: loaded successfully - version: 4.0.5 - missing functions: none
symbol engine: initialized successfully - sym options: 0x614 - pdb path: .;C:\Program Files\Android\Android Studio\jbr\bin;C:\WINDOWS\SYSTEM32;C:\WINDOWS\WinSxS\amd64_microsoft.windows.common-controls_6595b64144ccf1df_6.0.26100.3912_none_3e07963ce335137e;C:\Program Files\Android\Android Studio\jbr\bin\server;C:\Users\ayand\.gradle\native\68d5fa5c4cc2d200863cafc0d521ce42e7d3e7ee720ec0a83991735586a16f82\windows-amd64;C:\Users\ayand\.gradle\native\e376f236ea51e6404a007f0833ffe2c6e607c4080706a723a18a27aeea778392\windows-amd64

VM Arguments:
jvm_args: --add-opens=java.base/java.util=ALL-UNNAMED --add-opens=java.base/java.lang=ALL-UNNAMED --add-opens=java.base/java.lang.invoke=ALL-UNNAMED --add-opens=java.prefs/java.util.prefs=ALL-UNNAMED --add-opens=java.base/java.nio.charset=ALL-UNNAMED --add-opens=java.base/java.net=ALL-UNNAMED --add-opens=java.base/java.util.concurrent.atomic=ALL-UNNAMED -Xmx2048m -Dfile.encoding=UTF-8 -Duser.country=US -Duser.language=en -Duser.variant -javaagent:C:\Users\ayand\.gradle\wrapper\dists\gradle-8.2-bin\bbg7u40eoinfdyxsxr3z4i7ta\gradle-8.2\lib\agents\gradle-instrumentation-agent-8.2.jar 
java_command: org.gradle.launcher.daemon.bootstrap.GradleDaemon 8.2
java_class_path (initial): C:\Users\ayand\.gradle\wrapper\dists\gradle-8.2-bin\bbg7u40eoinfdyxsxr3z4i7ta\gradle-8.2\lib\gradle-launcher-8.2.jar
Launcher Type: SUN_STANDARD

[Global flags]
     intx CICompilerCount                          = 4                                         {product} {ergonomic}
     uint ConcGCThreads                            = 3                                         {product} {ergonomic}
     uint G1ConcRefinementThreads                  = 10                                        {product} {ergonomic}
   size_t G1HeapRegionSize                         = 1048576                                   {product} {ergonomic}
    uintx GCDrainStackTargetSize                   = 64                                        {product} {ergonomic}
   size_t InitialHeapSize                          = 130023424                                 {product} {ergonomic}
   size_t MarkStackSize                            = 4194304                                   {product} {ergonomic}
   size_t MaxHeapSize                              = 2147483648                                {product} {command line}
   size_t MaxNewSize                               = 1287651328                                {product} {ergonomic}
   size_t MinHeapDeltaBytes                        = 1048576                                   {product} {ergonomic}
   size_t MinHeapSize                              = 8388608                                   {product} {ergonomic}
    uintx NonNMethodCodeHeapSize                   = 5839372                                {pd product} {ergonomic}
    uintx NonProfiledCodeHeapSize                  = 122909434                              {pd product} {ergonomic}
    uintx ProfiledCodeHeapSize                     = 122909434                              {pd product} {ergonomic}
    uintx ReservedCodeCacheSize                    = 251658240                              {pd product} {ergonomic}
     bool SegmentedCodeCache                       = true                                      {product} {ergonomic}
   size_t SoftMaxHeapSize                          = 2147483648                             {manageable} {ergonomic}
     bool UseCompressedOops                        = true                           {product lp64_product} {ergonomic}
     bool UseG1GC                                  = true                                      {product} {ergonomic}
     bool UseLargePagesIndividualAllocation        = false                                  {pd product} {ergonomic}

Logging:
Log output configuration:
 #0: stdout all=warning uptime,level,tags foldmultilines=false
 #1: stderr all=off uptime,level,tags foldmultilines=false

Environment Variables:
JAVA_HOME=C:\Program Files\Java\jdk-23
PATH=C:\app\ayand\product\21c\dbhomeXE\bin;C:\Python313\Scripts\;C:\Python313\;C:\Program Files\Common Files\Oracle\Java\javapath;C:\Windows\system32;C:\Windows;C:\Windows\System32\Wbem;C:\Windows\System32\WindowsPowerShell\v1.0\;C:\Windows\System32\OpenSSH\;C:\Program Files (x86)\NVIDIA Corporation\PhysX\Common;C:\Program Files\NVIDIA Corporation\NVIDIA NvDLISR;C:\Program Files\Java\jdk-23\bin;C:\Program Files\nodejs\;C:\ProgramData\chocolatey\bin;C:\Program Files\Microsoft SQL Server\150\Tools\Binn\;C:\Program Files\Microsoft SQL Server\Client SDK\ODBC\170\Tools\Binn\;C:\Program Files\dotnet\;C:\WINDOWS\system32;C:\WINDOWS;C:\WINDOWS\System32\Wbem;C:\WINDOWS\System32\WindowsPowerShell\v1.0\;C:\WINDOWS\System32\OpenSSH\;C:\Program Files (x86)\Microsoft SQL Server\160\Tools\Binn\;C:\Program Files\Microsoft SQL Server\160\Tools\Binn\;C:\Program Files\Microsoft SQL Server\160\DTS\Binn\;C:\Program Files (x86)\Microsoft SQL Server\160\DTS\Binn\;C:\Program Files\PuTTY\;C:\Program Files\Git\cmd;C:\Users\ayand\AppData\Local\Microsoft\WindowsApps;C:\Users\ayand\AppData\Local\Programs\Microsoft VS Code\bin;C:\Users\ayand\AppData\Roaming\npm;C:\Users\ayand\.dotnet\tools;
USERNAME=ayand
OS=Windows_NT
PROCESSOR_IDENTIFIER=Intel64 Family 6 Model 186 Stepping 2, GenuineIntel
TMP=C:\Users\ayand\AppData\Local\Temp
TEMP=C:\Users\ayand\AppData\Local\Temp




Periodic native trim disabled

JNI global refs:
JNI global refs: 24, weak refs: 4

JNI global refs memory usage: 835, weak refs: 833

Process memory usage:
Resident Set Size: 189556K (2% of 8085368K total physical memory with 291856K free physical memory)

OOME stack traces (most recent first):
Classloader memory used:
Loader org.gradle.internal.classloader.VisitableURLClassLoader                         : 23000K
Loader bootstrap                                                                       : 22005K
Loader org.gradle.initialization.MixInLegacyTypesClassLoader                           : 6400K
Loader jdk.internal.loader.ClassLoaders$PlatformClassLoader                            : 512K
Loader jdk.internal.loader.ClassLoaders$AppClassLoader                                 : 227K
Loader org.gradle.internal.classloader.VisitableURLClassLoader$InstrumentingVisitableURLClassLoader: 185K
Loader jdk.internal.reflect.DelegatingClassLoader                                      : 157K

Classes loaded by more than one classloader:
Class org.gradle.internal.classloader.FilteringClassLoader                            : loaded 2 times (x 101B)
Class org.gradle.internal.classloader.ClassLoaderHierarchy                            : loaded 2 times (x 66B)
Class org.gradle.api.internal.classpath.ManifestUtil                                  : loaded 2 times (x 67B)
Class org.gradle.internal.classloader.DefaultClassLoaderFactory                       : loaded 2 times (x 78B)
Class org.gradle.internal.classloader.ClassLoaderVisitor                              : loaded 2 times (x 72B)
Class org.gradle.api.internal.classpath.EffectiveClassPath                            : loaded 2 times (x 86B)
Class org.gradle.api.internal.DefaultClassPathProvider                                : loaded 2 times (x 72B)
Class [Lorg.gradle.api.internal.ClassPathProvider;                                    : loaded 2 times (x 65B)
Class org.gradle.api.internal.ClassPathProvider                                       : loaded 2 times (x 66B)
Class org.gradle.internal.service.UnknownServiceException                             : loaded 2 times (x 79B)
Class org.gradle.internal.classpath.TransformedClassPath                              : loaded 2 times (x 92B)
Class org.gradle.internal.service.ServiceLocator                                      : loaded 2 times (x 66B)
Class org.gradle.internal.InternalTransformer                                         : loaded 2 times (x 66B)
Class org.gradle.internal.classloader.ClasspathUtil$1                                 : loaded 2 times (x 72B)
Class org.gradle.api.internal.classpath.DefaultModuleRegistry$DefaultModule           : loaded 2 times (x 82B)
Class org.gradle.api.internal.classpath.Module                                        : loaded 2 times (x 66B)
Class org.gradle.api.internal.classpath.UnknownModuleException                        : loaded 2 times (x 78B)
Class org.gradle.cache.GlobalCache                                                    : loaded 2 times (x 66B)
Class org.gradle.api.internal.DefaultClassPathRegistry                                : loaded 2 times (x 72B)
Class org.gradle.api.internal.ClassPathRegistry                                       : loaded 2 times (x 66B)
Class org.gradle.internal.classpath.DefaultClassPath$ImmutableUniqueList              : loaded 2 times (x 195B)
Class org.gradle.internal.classpath.ClassPath                                         : loaded 2 times (x 66B)
Class org.gradle.api.UncheckedIOException                                             : loaded 2 times (x 78B)
Class org.gradle.internal.installation.GradleInstallation$1                           : loaded 2 times (x 71B)
Class org.gradle.api.internal.classpath.ModuleRegistry                                : loaded 2 times (x 66B)
Class org.gradle.api.internal.classpath.DefaultModuleRegistry                         : loaded 2 times (x 82B)
Class org.gradle.internal.service.ServiceLookupException                              : loaded 2 times (x 78B)
Class org.gradle.internal.classloader.ClassLoaderFactory                              : loaded 2 times (x 66B)
Class org.gradle.internal.service.CachingServiceLocator                               : loaded 2 times (x 78B)
Class org.gradle.internal.classloader.ClasspathUtil                                   : loaded 2 times (x 67B)
Class org.gradle.api.specs.Spec                                                       : loaded 2 times (x 66B)
Class org.gradle.internal.classloader.VisitableURLClassLoader$InstrumentingVisitableURLClassLoader: loaded 2 times (x 119B)
Class org.gradle.internal.classloader.VisitableURLClassLoader$Spec                    : loaded 2 times (x 70B)
Class org.gradle.internal.classpath.DefaultClassPath                                  : loaded 2 times (x 86B)
Class org.gradle.internal.classloader.ClassLoaderSpec                                 : loaded 2 times (x 67B)
Class org.gradle.internal.classloader.VisitableURLClassLoader                         : loaded 2 times (x 113B)
Class org.gradle.internal.Cast                                                        : loaded 2 times (x 67B)
Class org.gradle.api.Action                                                           : loaded 2 times (x 66B)
Class org.gradle.internal.agents.InstrumentingClassLoader                             : loaded 2 times (x 66B)
Class org.gradle.internal.classpath.DefaultClassPath$ImmutableUniqueList$Builder      : loaded 2 times (x 71B)
Class org.gradle.api.GradleException                                                  : loaded 2 times (x 78B)
Class org.gradle.internal.IoActions                                                   : loaded 2 times (x 67B)
Class org.gradle.internal.classloader.SystemClassLoaderSpec                           : loaded 2 times (x 67B)
Class org.gradle.internal.installation.CurrentGradleInstallationLocator               : loaded 2 times (x 67B)
Class org.gradle.internal.service.DefaultServiceLocator                               : loaded 2 times (x 79B)
Class org.gradle.internal.installation.CurrentGradleInstallation                      : loaded 2 times (x 69B)
Class org.gradle.util.internal.GUtil                                                  : loaded 2 times (x 67B)
Class org.gradle.internal.installation.GradleInstallation                             : loaded 2 times (x 71B)

---------------  S Y S T E M  ---------------

OS:
 Windows 11 , 64 bit Build 26100 (10.0.26100.3912)
OS uptime: 0 days 13:00 hours
Hyper-V role detected

CPU: total 12 (initial active 12) (6 cores per cpu, 2 threads per core) family 6 model 186 stepping 2 microcode 0x5103, cx8, cmov, fxsr, ht, mmx, 3dnowpref, sse, sse2, sse3, ssse3, sse4.1, sse4.2, popcnt, lzcnt, tsc, tscinvbit, avx, avx2, aes, erms, clmul, bmi1, bmi2, adx, sha, fma, vzeroupper, clflush, clflushopt, clwb, hv, serialize, rdtscp, rdpid, fsrm, f16c, cet_ibt, cet_ss
Processor Information for processor 0
  Max Mhz: 2100, Current Mhz: 2100, Mhz Limit: 2100
Processor Information for processor 1
  Max Mhz: 2100, Current Mhz: 2100, Mhz Limit: 2100
Processor Information for processor 2
  Max Mhz: 2100, Current Mhz: 1453, Mhz Limit: 2100
Processor Information for processor 3
  Max Mhz: 2100, Current Mhz: 2100, Mhz Limit: 2100
Processor Information for processor 4
  Max Mhz: 2100, Current Mhz: 1453, Mhz Limit: 2100
Processor Information for processor 5
  Max Mhz: 2100, Current Mhz: 1453, Mhz Limit: 2100
Processor Information for processor 6
  Max Mhz: 2100, Current Mhz: 2100, Mhz Limit: 2100
Processor Information for processor 7
  Max Mhz: 2100, Current Mhz: 2100, Mhz Limit: 2100
Processor Information for processor 8
  Max Mhz: 2100, Current Mhz: 1540, Mhz Limit: 2100
Processor Information for processor 9
  Max Mhz: 2100, Current Mhz: 1540, Mhz Limit: 2100
Processor Information for processor 10
  Max Mhz: 2100, Current Mhz: 1540, Mhz Limit: 2100
Processor Information for processor 11
  Max Mhz: 2100, Current Mhz: 1540, Mhz Limit: 2100

Memory: 4k page, system-wide physical 7895M (280M free)
TotalPageFile size 32471M (AvailPageFile size 37M)
current process WorkingSet (physical memory assigned to process): 185M, peak: 188M
current process commit charge ("private bytes"): 255M, peak: 257M

vm_info: OpenJDK 64-Bit Server VM (21.0.5+-12932927-b750.29) for windows-amd64 JRE (21.0.5+-12932927-b750.29), built on 2025-01-17T02:01:10Z by "builder" with MS VC++ 16.10 / 16.11 (VS2019)

END.
